Sat Feb 10 2018 20:42:45 GMT+0100 (CET)  Method: GET  URL: //nSat Feb 10 2018 20:42:57 GMT+0100 (CET)  Method: GET  URL: /aboutt/nSat Feb 10 2018 20:43:02 GMT+0100 (CET)  Method: GET  URL: /about/nSat Feb 10 2018 20:43:55 GMT+0100 (CET)  Method: GET  URL: /aboutt
Sat Feb 10 2018 20:43:58 GMT+0100 (CET)  Method: GET  URL: /about
Sat Feb 10 2018 20:43:59 GMT+0100 (CET)  Method: GET  URL: /
Sat Feb 10 2018 21:02:26 GMT+0100 (CET)  Method: GET  URL: /
Sat Feb 10 2018 21:02:32 GMT+0100 (CET)  Method: GET  URL: /help
Sat Feb 10 2018 21:02:36 GMT+0100 (CET)  Method: GET  URL: /about
Sat Feb 10 2018 21:02:39 GMT+0100 (CET)  Method: GET  URL: /aboutt
Sat Feb 10 2018 23:28:36 GMT+0100 (CET)  Method: GET  URL: /about
Sat Feb 10 2018 23:28:37 GMT+0100 (CET)  Method: GET  URL: /
Sat Feb 10 2018 23:29:03 GMT+0100 (CET)  Method: GET  URL: /
Sat Feb 10 2018 23:29:04 GMT+0100 (CET)  Method: GET  URL: /
Sat Feb 10 2018 23:29:15 GMT+0100 (CET)  Method: GET  URL: /
Sat Feb 10 2018 23:29:17 GMT+0100 (CET)  Method: GET  URL: /
Sat Feb 10 2018 23:29:24 GMT+0100 (CET)  Method: GET  URL: /aboutt
Sat Feb 10 2018 23:29:28 GMT+0100 (CET)  Method: GET  URL: /about
Sat Feb 10 2018 23:29:33 GMT+0100 (CET)  Method: GET  URL: /
Sat Feb 10 2018 23:30:02 GMT+0100 (CET)  Method: GET  URL: /about
Sat Feb 10 2018 23:30:06 GMT+0100 (CET)  Method: GET  URL: /aboutt
Sat Feb 10 2018 23:30:09 GMT+0100 (CET)  Method: GET  URL: /about
Sat Feb 10 2018 23:30:10 GMT+0100 (CET)  Method: GET  URL: /
